[INFO  - 2017-04-04T13:48:01.481Z] GhostDriver - Main - running on port 12364
[INFO  - 2017-04-04T13:48:02.004Z] Session [5225d500-193d-11e7-bff5-2d7081423d08] - page.settings - {"XSSAuditingEnabled":false,"javascriptCanCloseWindows":true,"javascriptCanOpenWindows":true,"javascriptEnabled":true,"loadImages":true,"localToRemoteUrlAccessEnabled":false,"userAgent":"Mozilla/5.0 (Windows NT 6.1) AppleWebKit/538.1 (KHTML, like Gecko) PhantomJS/2.1.1 Safari/538.1","webSecurityEnabled":true}
[INFO  - 2017-04-04T13:48:02.004Z] Session [5225d500-193d-11e7-bff5-2d7081423d08] - page.customHeaders:  - {}
[INFO  - 2017-04-04T13:48:02.004Z] Session [5225d500-193d-11e7-bff5-2d7081423d08] - Session.negotiatedCapabilities - {"browserName":"phantomjs","version":"2.1.1","driverName":"ghostdriver","driverVersion":"1.2.0","platform":"windows-7-32bit","javascriptEnabled":true,"takesScreenshot":true,"handlesAlerts":false,"databaseEnabled":false,"locationContextEnabled":false,"applicationCacheEnabled":false,"browserConnectionEnabled":false,"cssSelectorsEnabled":true,"webStorageEnabled":false,"rotatable":false,"acceptSslCerts":false,"nativeEvents":true,"proxy":{"proxyType":"direct"}}
[INFO  - 2017-04-04T13:48:02.004Z] SessionManagerReqHand - _postNewSessionCommand - New Session Created: 5225d500-193d-11e7-bff5-2d7081423d08
[ERROR - 2017-04-04T13:48:06.571Z] WebElementLocator - _handleLocateCommand - Element(s) NOT Found: GAVE UP. Search Stop Time: 1491313686510
[ERROR - 2017-04-04T13:48:07.482Z] WebElementLocator - _handleLocateCommand - Element(s) NOT Found: GAVE UP. Search Stop Time: 1491313687422
[ERROR - 2017-04-04T13:48:08.221Z] WebElementLocator - _handleLocateCommand - Element(s) NOT Found: GAVE UP. Search Stop Time: 1491313688210
[INFO  - 2017-04-04T13:48:25.332Z] ShutdownReqHand - _handle - About to shutdown
[INFO  - 2017-04-04T13:49:10.082Z] GhostDriver - Main - running on port 34466
[INFO  - 2017-04-04T13:49:10.648Z] Session [7b101340-193d-11e7-9d4c-4fe4e4147625] - page.settings - {"XSSAuditingEnabled":false,"javascriptCanCloseWindows":true,"javascriptCanOpenWindows":true,"javascriptEnabled":true,"loadImages":true,"localToRemoteUrlAccessEnabled":false,"userAgent":"Mozilla/5.0 (Windows NT 6.1) AppleWebKit/538.1 (KHTML, like Gecko) PhantomJS/2.1.1 Safari/538.1","webSecurityEnabled":true}
[INFO  - 2017-04-04T13:49:10.648Z] Session [7b101340-193d-11e7-9d4c-4fe4e4147625] - page.customHeaders:  - {}
[INFO  - 2017-04-04T13:49:10.648Z] Session [7b101340-193d-11e7-9d4c-4fe4e4147625] - Session.negotiatedCapabilities - {"browserName":"phantomjs","version":"2.1.1","driverName":"ghostdriver","driverVersion":"1.2.0","platform":"windows-7-32bit","javascriptEnabled":true,"takesScreenshot":true,"handlesAlerts":false,"databaseEnabled":false,"locationContextEnabled":false,"applicationCacheEnabled":false,"browserConnectionEnabled":false,"cssSelectorsEnabled":true,"webStorageEnabled":false,"rotatable":false,"acceptSslCerts":false,"nativeEvents":true,"proxy":{"proxyType":"direct"}}
[INFO  - 2017-04-04T13:49:10.648Z] SessionManagerReqHand - _postNewSessionCommand - New Session Created: 7b101340-193d-11e7-9d4c-4fe4e4147625
[ERROR - 2017-04-04T13:49:15.056Z] WebElementLocator - _handleLocateCommand - Element(s) NOT Found: GAVE UP. Search Stop Time: 1491313754996
[ERROR - 2017-04-04T13:49:15.972Z] WebElementLocator - _handleLocateCommand - Element(s) NOT Found: GAVE UP. Search Stop Time: 1491313755917
[INFO  - 2017-04-04T13:49:32.003Z] ShutdownReqHand - _handle - About to shutdown
[INFO  - 2017-04-05T14:53:49.378Z] GhostDriver - Main - running on port 55735
[INFO  - 2017-04-05T14:53:50.224Z] Session [ade18880-1a0f-11e7-994f-07a9ebbc33b1] - page.settings - {"XSSAuditingEnabled":false,"javascriptCanCloseWindows":true,"javascriptCanOpenWindows":true,"javascriptEnabled":true,"loadImages":true,"localToRemoteUrlAccessEnabled":false,"userAgent":"Mozilla/5.0 (Windows NT 6.2; WOW64) AppleWebKit/538.1 (KHTML, like Gecko) PhantomJS/2.1.1 Safari/538.1","webSecurityEnabled":true}
[INFO  - 2017-04-05T14:53:50.225Z] Session [ade18880-1a0f-11e7-994f-07a9ebbc33b1] - page.customHeaders:  - {}
[INFO  - 2017-04-05T14:53:50.225Z] Session [ade18880-1a0f-11e7-994f-07a9ebbc33b1] - Session.negotiatedCapabilities - {"browserName":"phantomjs","version":"2.1.1","driverName":"ghostdriver","driverVersion":"1.2.0","platform":"windows-10-32bit","javascriptEnabled":true,"takesScreenshot":true,"handlesAlerts":false,"databaseEnabled":false,"locationContextEnabled":false,"applicationCacheEnabled":false,"browserConnectionEnabled":false,"cssSelectorsEnabled":true,"webStorageEnabled":false,"rotatable":false,"acceptSslCerts":false,"nativeEvents":true,"proxy":{"proxyType":"direct"}}
[INFO  - 2017-04-05T14:53:50.225Z] SessionManagerReqHand - _postNewSessionCommand - New Session Created: ade18880-1a0f-11e7-994f-07a9ebbc33b1
[ERROR - 2017-04-05T14:53:56.804Z] WebElementLocator - _handleLocateCommand - Element(s) NOT Found: GAVE UP. Search Stop Time: 1491404036770
[INFO  - 2017-04-05T14:54:16.089Z] ShutdownReqHand - _handle - About to shutdown
